RXSDK/RXSDK-Android/demo/app_rxsdk_demo/build/intermediates/manifest_merge_blame_file/debug/manifest-merger-blame-debug-report.txt
1<?xml version="1.0" encoding="utf-8"?>
2<manifest xmlns:android="http://schemas.android.com/apk/res/android"
3    xmlns:tools="http://schemas.android.com/tools"
4    package="com.ruixue.qipai" >
5
6    <uses-sdk android:minSdkVersion="21" />
6-->src/main/AndroidManifest.xml
7
8    <uses-permission android:name="android.permission.ACCESS_WIFI_STATE" />
8-->src/main/AndroidManifest.xml:7:5-76
8-->src/main/AndroidManifest.xml:7:22-73
9    <uses-permission android:name="android.permission.ACCESS_NETWORK_STATE" />
9-->src/main/AndroidManifest.xml:9:5-79
9-->src/main/AndroidManifest.xml:9:22-76
10    <uses-permission android:name="com.android.launcher.permission.INSTALL_SHORTCUT" />
10-->src/main/AndroidManifest.xml:10:5-88
10-->src/main/AndroidManifest.xml:10:22-85
11    <uses-permission android:name="com.ruixue.clipper.CLIPPER" />
11-->src/main/AndroidManifest.xml:12:5-66
11-->src/main/AndroidManifest.xml:12:22-63
12    <uses-permission
12-->src/main/AndroidManifest.xml:14:5-16:47
13        android:name="android.permission.WRITE_SECURE_SETTINGS"
13-->src/main/AndroidManifest.xml:15:9-64
14        tools:ignore="ProtectedPermissions" />
14-->src/main/AndroidManifest.xml:16:9-44
15
16    <!-- 权限测试 -->
17    <uses-permission android:name="android.permission.CAMERA" />
17-->src/main/AndroidManifest.xml:20:5-65
17-->src/main/AndroidManifest.xml:20:22-62
18    <uses-permission android:name="android.permission.SYSTEM_ALERT_WINDOW" />
18-->src/main/AndroidManifest.xml:23:5-78
18-->src/main/AndroidManifest.xml:23:22-75
19    <uses-permission android:name="android.permission.READ_CALENDAR" />
19-->src/main/AndroidManifest.xml:25:5-72
19-->src/main/AndroidManifest.xml:25:22-69
20    <uses-permission android:name="android.permission.WRITE_CALENDAR" />
20-->src/main/AndroidManifest.xml:26:5-73
20-->src/main/AndroidManifest.xml:26:22-70
21    <uses-permission android:name="android.permission.ANSWER_PHONE_CALLS" />
21-->src/main/AndroidManifest.xml:28:5-77
21-->src/main/AndroidManifest.xml:28:22-74
22    <uses-permission android:name="android.permission.READ_PHONE_NUMBERS" />
22-->src/main/AndroidManifest.xml:29:5-77
22-->src/main/AndroidManifest.xml:29:22-74
23    <uses-permission android:name="android.permission.READ_MEDIA_IMAGES" />
23-->src/main/AndroidManifest.xml:31:5-76
23-->src/main/AndroidManifest.xml:31:22-73
24    <uses-permission android:name="android.permission.READ_MEDIA_VIDEO" />
24-->src/main/AndroidManifest.xml:32:5-75
24-->src/main/AndroidManifest.xml:32:22-72
25    <uses-permission
25-->src/main/AndroidManifest.xml:34:5-36:47
26        android:name="android.permission.PACKAGE_USAGE_STATS"
26-->src/main/AndroidManifest.xml:35:9-62
27        tools:ignore="ProtectedPermissions" />
27-->src/main/AndroidManifest.xml:36:9-44
28    <uses-permission
28-->src/main/AndroidManifest.xml:38:5-40:47
29        android:name="android.permission.WRITE_SETTINGS"
29-->src/main/AndroidManifest.xml:39:9-57
30        tools:ignore="ProtectedPermissions" />
30-->src/main/AndroidManifest.xml:40:9-44
31    <uses-permission android:name="android.permission.ACCESS_MEDIA_LOCATION" />
31-->src/main/AndroidManifest.xml:42:5-80
31-->src/main/AndroidManifest.xml:42:22-77
32    <uses-permission android:name="android.permission.READ_EXTERNAL_STORAGE" />
32-->src/main/AndroidManifest.xml:44:5-80
32-->src/main/AndroidManifest.xml:44:22-77
33    <uses-permission android:name="android.permission.WRITE_EXTERNAL_STORAGE" />
33-->src/main/AndroidManifest.xml:45:5-81
33-->src/main/AndroidManifest.xml:45:22-78
34
35    <!-- <uses-permission android:name="android.permission.RECORD_AUDIO" /> -->
36    <uses-permission android:name="android.permission.QUERY_ALL_PACKAGES" />
36-->src/main/AndroidManifest.xml:49:5-77
36-->src/main/AndroidManifest.xml:49:22-74
37    <!-- <uses-permission android:name="android.permission.ACCESS_FINE_LOCATION" /> -->
38    <!-- <uses-permission android:name="android.permission.ACCESS_COARSE_LOCATION" /> -->
39    <!-- <uses-permission android:name="android.permission.ACCESS_BACKGROUND_LOCATION" /> -->
40
41    <uses-permission android:name="android.permission.SEND_SMS" />
41-->src/main/AndroidManifest.xml:54:5-67
41-->src/main/AndroidManifest.xml:54:22-64
42    <uses-permission android:name="android.permission.RECEIVE_SMS" />
42-->src/main/AndroidManifest.xml:55:5-70
42-->src/main/AndroidManifest.xml:55:22-67
43    <uses-permission android:name="android.permission.READ_PHONE_STATE" />
43-->src/main/AndroidManifest.xml:57:5-75
43-->src/main/AndroidManifest.xml:57:22-72
44    <uses-permission android:name="android.permission.BODY_SENSORS" />
44-->src/main/AndroidManifest.xml:59:5-71
44-->src/main/AndroidManifest.xml:59:22-68
45    <uses-permission android:name="android.permission.ACTIVITY_RECOGNITION" />
45-->src/main/AndroidManifest.xml:60:5-79
45-->src/main/AndroidManifest.xml:60:22-76
46    <uses-permission
46-->src/main/AndroidManifest.xml:62:5-64:38
47        android:name="android.permission.BLUETOOTH"
47-->src/main/AndroidManifest.xml:63:9-52
48        android:maxSdkVersion="30" />
48-->src/main/AndroidManifest.xml:64:9-35
49    <uses-permission
49-->src/main/AndroidManifest.xml:65:5-67:38
50        android:name="android.permission.BLUETOOTH_ADMIN"
50-->src/main/AndroidManifest.xml:66:9-58
51        android:maxSdkVersion="30" />
51-->src/main/AndroidManifest.xml:67:9-35
52    <uses-permission
52-->src/main/AndroidManifest.xml:69:5-72:31
53        android:name="android.permission.BLUETOOTH_SCAN"
53-->src/main/AndroidManifest.xml:70:9-57
54        android:usesPermissionFlags="neverForLocation"
54-->src/main/AndroidManifest.xml:71:9-55
55        tools:targetApi="s" />
55-->src/main/AndroidManifest.xml:72:9-28
56    <uses-permission android:name="android.permission.BLUETOOTH_ADVERTISE" />
56-->src/main/AndroidManifest.xml:73:5-78
56-->src/main/AndroidManifest.xml:73:22-75
57    <uses-permission android:name="android.permission.BLUETOOTH_CONNECT" />
57-->src/main/AndroidManifest.xml:74:5-76
57-->src/main/AndroidManifest.xml:74:22-73
58    <uses-permission
58-->src/main/AndroidManifest.xml:76:5-77:47
59        android:name="android.permission.SCHEDULE_EXACT_ALARM"
59-->src/main/AndroidManifest.xml:76:22-76
60        tools:ignore="ProtectedPermissions" />
60-->src/main/AndroidManifest.xml:77:9-44
61    <uses-permission android:name="android.permission.ACCESS_NOTIFICATION_POLICY" />
61-->src/main/AndroidManifest.xml:79:5-85
61-->src/main/AndroidManifest.xml:79:22-82
62    <uses-permission android:name="android.permission.REQUEST_IGNORE_BATTERY_OPTIMIZATIONS" />
62-->src/main/AndroidManifest.xml:81:5-95
62-->src/main/AndroidManifest.xml:81:22-92
63
64    <application
64-->src/main/AndroidManifest.xml:83:5-389:19
65        android:name="com.ruixue.demo.MyApplication"
65-->src/main/AndroidManifest.xml:84:9-53
66        android:icon="@mipmap/ic_launcher"
66-->src/main/AndroidManifest.xml:85:9-43
67        android:networkSecurityConfig="@xml/network_security_config"
67-->src/main/AndroidManifest.xml:86:9-69
68        android:supportsRtl="true"
68-->src/main/AndroidManifest.xml:87:9-35
69        tools:replace="android:networkSecurityConfig"
69-->src/main/AndroidManifest.xml:88:9-54
70        tools:targetApi="n" >
70-->src/main/AndroidManifest.xml:89:9-28
71        <activity
71-->src/main/AndroidManifest.xml:91:9-93:40
72            android:name="com.ruixue.demo.activity.LdActivity"
72-->src/main/AndroidManifest.xml:92:13-63
73            android:exported="false" />
73-->src/main/AndroidManifest.xml:93:13-37
74        <activity
74-->src/main/AndroidManifest.xml:95:9-100:55
75            android:name="com.ruixue.demo.activity.ApiDemoV2Activity"
75-->src/main/AndroidManifest.xml:96:13-70
76            android:configChanges="orientation|screenSize|keyboardHidden"
76-->src/main/AndroidManifest.xml:97:13-74
77            android:exported="false"
77-->src/main/AndroidManifest.xml:98:13-37
78            android:screenOrientation="sensor"
78-->src/main/AndroidManifest.xml:99:13-47
79            android:theme="@style/ThemeTranslucent" />
79-->src/main/AndroidManifest.xml:100:13-52
80        <activity
80-->src/main/AndroidManifest.xml:102:9-107:55
81            android:name="com.ruixue.demo.activity.GameAreaActivity"
81-->src/main/AndroidManifest.xml:103:13-69
82            android:configChanges="orientation|screenSize|keyboardHidden"
82-->src/main/AndroidManifest.xml:104:13-74
83            android:exported="false"
83-->src/main/AndroidManifest.xml:105:13-37
84            android:screenOrientation="sensor"
84-->src/main/AndroidManifest.xml:106:13-47
85            android:theme="@style/ThemeTranslucent" />
85-->src/main/AndroidManifest.xml:107:13-52
86        <activity
86-->src/main/AndroidManifest.xml:109:9-114:55
87            android:name="com.ruixue.demo.activity.ShareTestActivity"
87-->src/main/AndroidManifest.xml:110:13-70
88            android:configChanges="orientation|screenSize|keyboardHidden"
88-->src/main/AndroidManifest.xml:111:13-74
89            android:exported="false"
89-->src/main/AndroidManifest.xml:112:13-37
90            android:screenOrientation="sensor"
90-->src/main/AndroidManifest.xml:113:13-47
91            android:theme="@style/ThemeTranslucent" />
91-->src/main/AndroidManifest.xml:114:13-52
92
93        <!-- &lt;!&ndash; 填写APPID &ndash;&gt; -->
94        <!-- &lt;!&ndash; 需要将xxid的值定义到string.xml里，否则可能被当成number处理而出错，若您的项目不支持从string.xml中获取，可尝试在数值前添加反斜杠和空格，如：android:value="\ 123456789"。 &ndash;&gt; -->
95        <!-- <meta-data -->
96        <!-- android:name="com.hihonor.iap.sdk.appid" -->
97        <!-- android:value="@string/honor_appid" /> -->
98
99
100        <!-- &lt;!&ndash; 填写CPID &ndash;&gt; -->
101        <!-- &lt;!&ndash; 需要将xxid的值定义到string.xml里，否则可能被当成number处理而出错，若您的项目不支持从string.xml中获取，可尝试在数值前添加反斜杠和空格，如：android:value="\ 123456789"。&ndash;&gt; -->
102        <!-- <meta-data -->
103        <!-- android:name="com.hihonor.iap.sdk.cpid" -->
104        <!-- android:value="@string/honor_cpid" /> -->
105
106
107        <!-- bilibili -->
108
109
110        <!-- &lt;!&ndash; 填写APPID &ndash;&gt; -->
111        <!-- &lt;!&ndash; 需要将xxid的值定义到string.xml里，否则可能被当成number处理而出错，若您的项目不支持从string.xml中获取，可尝试在数值前添加反斜杠和空格，如：android:value="\ 123456789"。 &ndash;&gt; -->
112        <!-- <meta-data -->
113        <!-- android:name="com.hihonor.iap.sdk.appid" -->
114        <!-- android:value="@string/honor_appid" /> -->
115        <!-- &lt;!&ndash; 填写CPID &ndash;&gt; -->
116        <!-- &lt;!&ndash; 需要将xxid的值定义到string.xml里，否则可能被当成number处理而出错，若您的项目不支持从string.xml中获取，可尝试在数值前添加反斜杠和空格，如：android:value="\ 123456789"。&ndash;&gt; -->
117        <!-- <meta-data -->
118        <!-- android:name="com.hihonor.iap.sdk.cpid" -->
119        <!-- android:value="@string/honor_cpid" /> -->
120        <!-- bilibili -->
121        <meta-data
121-->src/main/AndroidManifest.xml:142:9-144:37
122            android:name="BSGameSdk_PaidGame"
122-->src/main/AndroidManifest.xml:143:13-46
123            android:value="false" />
123-->src/main/AndroidManifest.xml:144:13-34
124        <meta-data
124-->src/main/AndroidManifest.xml:145:9-147:35
125            android:name="android.max_aspect"
125-->src/main/AndroidManifest.xml:146:13-46
126            android:value="2.4" />
126-->src/main/AndroidManifest.xml:147:13-32
127        <meta-data
127-->src/main/AndroidManifest.xml:148:9-150:37
128            android:name="com.huawei.agconnect.AccessNetwork"
128-->src/main/AndroidManifest.xml:149:13-62
129            android:value="false" />
129-->src/main/AndroidManifest.xml:150:13-34
130        <!-- <meta-data -->
131        <!-- android:name="vivoUnionAppId" -->
132        <!-- android:value="104260523" /> -->
133        <meta-data
133-->src/main/AndroidManifest.xml:154:9-156:64
134            android:name="vivoUnionAppId"
134-->src/main/AndroidManifest.xml:155:13-42
135            android:value="ab1f25ff8a0148a15227180692bd3314" />
135-->src/main/AndroidManifest.xml:156:13-61
136
137        <!-- ld -->
138        <meta-data
138-->src/main/AndroidManifest.xml:159:9-161:36
139            android:name="LD_GAME_ID"
139-->src/main/AndroidManifest.xml:160:13-38
140            android:value="2227" />
140-->src/main/AndroidManifest.xml:161:13-33
141        <meta-data
141-->src/main/AndroidManifest.xml:163:9-165:38
142            android:name="CHANNEL_ID"
142-->src/main/AndroidManifest.xml:164:13-38
143            android:value="100000" />
143-->src/main/AndroidManifest.xml:165:13-35
144        <meta-data
144-->src/main/AndroidManifest.xml:167:9-169:38
145            android:name="SUN_CHANNEL_ID"
145-->src/main/AndroidManifest.xml:168:13-42
146            android:value="100714" />
146-->src/main/AndroidManifest.xml:169:13-35
147        <meta-data
147-->src/main/AndroidManifest.xml:171:9-173:38
148            android:name="rx_vivo_appid"
148-->src/main/AndroidManifest.xml:172:13-41
149            android:value="100714" />
149-->src/main/AndroidManifest.xml:173:13-35
150        <meta-data
150-->src/main/AndroidManifest.xml:174:9-176:64
151            android:name="rx_oppo_app_secret"
151-->src/main/AndroidManifest.xml:175:13-46
152            android:value="07447c0EC7E3A407FD0c91fe859bcC79" />
152-->src/main/AndroidManifest.xml:176:13-61
153        <meta-data
153-->src/main/AndroidManifest.xml:179:9-181:36
154            android:name="JF_APPID"
154-->src/main/AndroidManifest.xml:180:13-36
155            android:value="81630" /> <!-- 此处替换为 -->
155-->src/main/AndroidManifest.xml:181:13-34
156        <meta-data
156-->src/main/AndroidManifest.xml:182:9-184:63
157            android:name="JF_APPKEY"
157-->src/main/AndroidManifest.xml:183:13-37
158            android:value="6F92ED477A9A6BDD8D7895BF698073E5" />
158-->src/main/AndroidManifest.xml:184:13-61
159        <meta-data
159-->src/main/AndroidManifest.xml:186:9-188:50
160            android:name="uc_game_id"
160-->src/main/AndroidManifest.xml:187:13-38
161            android:value="@string/uc_game_id" />
161-->src/main/AndroidManifest.xml:188:13-47
162        <meta-data
162-->src/main/AndroidManifest.xml:190:9-192:44
163            android:name="adjust_app_token"
163-->src/main/AndroidManifest.xml:191:13-44
164            android:value="a7tay9toq29s" />
164-->src/main/AndroidManifest.xml:192:13-41
165
166        <activity
166-->src/main/AndroidManifest.xml:194:9-198:55
167            android:name="com.ruixue.demo.activity.LoginActivity"
167-->src/main/AndroidManifest.xml:195:13-66
168            android:exported="false"
168-->src/main/AndroidManifest.xml:196:13-37
169            android:launchMode="singleTask"
169-->src/main/AndroidManifest.xml:197:13-44
170            android:theme="@style/ThemeTranslucent" />
170-->src/main/AndroidManifest.xml:198:13-52
171        <activity
171-->src/main/AndroidManifest.xml:200:9-205:55
172            android:name="com.ruixue.demo.activity.NavActivity"
172-->src/main/AndroidManifest.xml:201:13-64
173            android:configChanges="orientation|screenSize|keyboardHidden|screenLayout|navigation|smallestScreenSize|fontScale"
173-->src/main/AndroidManifest.xml:202:13-127
174            android:exported="false"
174-->src/main/AndroidManifest.xml:203:13-37
175            android:launchMode="singleTask"
175-->src/main/AndroidManifest.xml:204:13-44
176            android:theme="@style/ThemeTranslucent" />
176-->src/main/AndroidManifest.xml:205:13-52
177        <activity
177-->src/main/AndroidManifest.xml:206:9-210:55
178            android:name="com.ruixue.demo.activity.CustomCaptureActivity"
178-->src/main/AndroidManifest.xml:207:13-74
179            android:configChanges="orientation|screenSize|keyboardHidden|screenLayout|navigation|smallestScreenSize|fontScale"
179-->src/main/AndroidManifest.xml:208:13-127
180            android:screenOrientation="sensor"
180-->src/main/AndroidManifest.xml:209:13-47
181            android:theme="@style/ThemeTranslucent" />
181-->src/main/AndroidManifest.xml:210:13-52
182        <activity
182-->src/main/AndroidManifest.xml:211:9-215:55
183            android:name="com.ruixue.demo.activity.PromoTestActivity"
183-->src/main/AndroidManifest.xml:212:13-70
184            android:exported="false"
184-->src/main/AndroidManifest.xml:213:13-37
185            android:screenOrientation="sensor"
185-->src/main/AndroidManifest.xml:214:13-47
186            android:theme="@style/ThemeTranslucent" />
186-->src/main/AndroidManifest.xml:215:13-52
187        <activity
187-->src/main/AndroidManifest.xml:216:9-221:55
188            android:name="com.ruixue.demo.activity.SocialTestActivity"
188-->src/main/AndroidManifest.xml:217:13-71
189            android:exported="false"
189-->src/main/AndroidManifest.xml:218:13-37
190            android:launchMode="singleTask"
190-->src/main/AndroidManifest.xml:219:13-44
191            android:screenOrientation="sensor"
191-->src/main/AndroidManifest.xml:220:13-47
192            android:theme="@style/ThemeTranslucent" />
192-->src/main/AndroidManifest.xml:221:13-52
193        <activity
193-->src/main/AndroidManifest.xml:222:9-226:55
194            android:name="com.ruixue.demo.activity.LineActivity"
194-->src/main/AndroidManifest.xml:223:13-65
195            android:exported="false"
195-->src/main/AndroidManifest.xml:224:13-37
196            android:launchMode="singleTask"
196-->src/main/AndroidManifest.xml:225:13-44
197            android:theme="@style/ThemeTranslucent" />
197-->src/main/AndroidManifest.xml:226:13-52
198        <activity
198-->src/main/AndroidManifest.xml:227:9-232:71
199            android:name="com.ruixue.demo.activity.ServicesActivity"
199-->src/main/AndroidManifest.xml:228:13-69
200            android:exported="false"
200-->src/main/AndroidManifest.xml:229:13-37
201            android:launchMode="singleTask"
201-->src/main/AndroidManifest.xml:230:13-44
202            android:theme="@style/ThemeTranslucent"
202-->src/main/AndroidManifest.xml:231:13-52
203            android:windowSoftInputMode="stateVisible|adjustResize" />
203-->src/main/AndroidManifest.xml:232:13-68
204        <activity
204-->src/main/AndroidManifest.xml:234:9-236:54
205            android:name="com.ruixue.demo.activity.UcGameDemoActivity"
205-->src/main/AndroidManifest.xml:235:13-71
206            android:theme="@style/Theme.AppCompat" />
206-->src/main/AndroidManifest.xml:236:13-51
207        <activity
207-->src/main/AndroidManifest.xml:238:9-240:55
208            android:name="com.ruixue.demo.activity.IdcardNumberInputDemoActivity"
208-->src/main/AndroidManifest.xml:238:19-88
209            android:screenOrientation="sensor"
209-->src/main/AndroidManifest.xml:239:13-47
210            android:theme="@style/ThemeTranslucent" />
210-->src/main/AndroidManifest.xml:240:13-52
211
212        <!-- 增加app拉起相关cn.uc.gamesdk.activity.PullupActivity的声明 -->
213        <activity
213-->src/main/AndroidManifest.xml:243:9-262:20
214            android:name="cn.uc.gamesdk.activity.PullupActivity"
214-->src/main/AndroidManifest.xml:244:13-65
215            android:excludeFromRecents="true"
215-->src/main/AndroidManifest.xml:245:13-46
216            android:exported="true"
216-->src/main/AndroidManifest.xml:246:13-36
217            android:label="PullupActivity"
217-->src/main/AndroidManifest.xml:247:13-43
218            android:launchMode="singleTop"
218-->src/main/AndroidManifest.xml:248:13-43
219            android:taskAffinity="cn.uc.gamesdk.demo.diff"
219-->src/main/AndroidManifest.xml:249:13-59
220            android:theme="@android:style/Theme.Translucent"
220-->src/main/AndroidManifest.xml:250:13-61
221            tools:node="replace"
221-->src/main/AndroidManifest.xml:251:13-33
222            tools:replace="android:taskAffinity" >
222-->src/main/AndroidManifest.xml:252:13-49
223            <intent-filter>
223-->src/main/AndroidManifest.xml:254:13-261:29
224                <action android:name="android.intent.action.VIEW" />
224-->src/main/AndroidManifest.xml:255:17-69
224-->src/main/AndroidManifest.xml:255:25-66
225
226                <category android:name="android.intent.category.DEFAULT" />
226-->src/main/AndroidManifest.xml:257:17-76
226-->src/main/AndroidManifest.xml:257:27-73
227                <category android:name="android.intent.category.BROWSABLE" />
227-->src/main/AndroidManifest.xml:258:17-78
227-->src/main/AndroidManifest.xml:258:27-75
228
229                <data android:scheme="ng3098544" />
229-->src/main/AndroidManifest.xml:260:17-52
229-->src/main/AndroidManifest.xml:260:23-49
230            </intent-filter>
231        </activity>
232        <activity
232-->src/main/AndroidManifest.xml:265:9-275:20
233            android:name="com.ruixue.demo.activity.WelcomeActivity"
233-->src/main/AndroidManifest.xml:266:13-68
234            android:configChanges="orientation|screenSize|keyboardHidden|screenLayout|navigation|smallestScreenSize|fontScale"
234-->src/main/AndroidManifest.xml:267:13-127
235            android:exported="true"
235-->src/main/AndroidManifest.xml:268:13-36
236            android:launchMode="singleTask"
236-->src/main/AndroidManifest.xml:269:13-44
237            android:theme="@style/ThemeTranslucent" >
237-->src/main/AndroidManifest.xml:270:13-52
238            <intent-filter>
238-->src/main/AndroidManifest.xml:271:13-274:29
239                <action android:name="android.intent.action.MAIN" />
239-->src/main/AndroidManifest.xml:272:17-69
239-->src/main/AndroidManifest.xml:272:25-66
240
241                <category android:name="android.intent.category.LAUNCHER" />
241-->src/main/AndroidManifest.xml:273:17-77
241-->src/main/AndroidManifest.xml:273:27-74
242            </intent-filter>
243        </activity>
244        <activity
244-->src/main/AndroidManifest.xml:277:9-290:20
245            android:name="com.ruixue.demo.activity.HWOSActivity"
245-->src/main/AndroidManifest.xml:278:13-65
246            android:configChanges="orientation|screenSize|keyboardHidden|screenLayout|navigation|smallestScreenSize|fontScale"
246-->src/main/AndroidManifest.xml:279:13-127
247            android:exported="true"
247-->src/main/AndroidManifest.xml:280:13-36
248            android:launchMode="singleTask"
248-->src/main/AndroidManifest.xml:281:13-44
249            android:screenOrientation="sensor"
249-->src/main/AndroidManifest.xml:282:13-47
250            android:theme="@style/ThemeTranslucent" >
250-->src/main/AndroidManifest.xml:283:13-52
251            <intent-filter>
251-->src/main/AndroidManifest.xml:284:13-289:29
252                <action android:name="android.intent.action.VIEW" />
252-->src/main/AndroidManifest.xml:255:17-69
252-->src/main/AndroidManifest.xml:255:25-66
253
254                <category android:name="android.intent.category.DEFAULT" />
254-->src/main/AndroidManifest.xml:257:17-76
254-->src/main/AndroidManifest.xml:257:27-73
255                <category android:name="android.intent.category.BROWSABLE" />
255-->src/main/AndroidManifest.xml:258:17-78
255-->src/main/AndroidManifest.xml:258:27-75
256
257                <data android:scheme="huawei" />
257-->src/main/AndroidManifest.xml:260:17-52
257-->src/main/AndroidManifest.xml:260:23-49
258            </intent-filter>
259        </activity>
260        <activity
260-->src/main/AndroidManifest.xml:292:9-305:20
261            android:name="com.ruixue.demo.activity.HWCNActivity"
261-->src/main/AndroidManifest.xml:293:13-65
262            android:configChanges="orientation|screenSize|keyboardHidden|screenLayout|navigation|smallestScreenSize|fontScale"
262-->src/main/AndroidManifest.xml:294:13-127
263            android:exported="true"
263-->src/main/AndroidManifest.xml:295:13-36
264            android:launchMode="singleTask"
264-->src/main/AndroidManifest.xml:296:13-44
265            android:screenOrientation="sensor"
265-->src/main/AndroidManifest.xml:297:13-47
266            android:theme="@style/ThemeTranslucent" >
266-->src/main/AndroidManifest.xml:298:13-52
267            <intent-filter>
267-->src/main/AndroidManifest.xml:284:13-289:29
268                <action android:name="android.intent.action.VIEW" />
268-->src/main/AndroidManifest.xml:255:17-69
268-->src/main/AndroidManifest.xml:255:25-66
269
270                <category android:name="android.intent.category.DEFAULT" />
270-->src/main/AndroidManifest.xml:257:17-76
270-->src/main/AndroidManifest.xml:257:27-73
271                <category android:name="android.intent.category.BROWSABLE" />
271-->src/main/AndroidManifest.xml:258:17-78
271-->src/main/AndroidManifest.xml:258:27-75
272
273                <data android:scheme="huawei" />
273-->src/main/AndroidManifest.xml:260:17-52
273-->src/main/AndroidManifest.xml:260:23-49
274            </intent-filter>
275        </activity>
276        <activity
276-->src/main/AndroidManifest.xml:306:9-310:53
277            android:name="com.ruixue.demo.activity.FloatingScaleAct"
277-->src/main/AndroidManifest.xml:307:13-69
278            android:exported="true"
278-->src/main/AndroidManifest.xml:308:13-36
279            android:launchMode="singleInstance"
279-->src/main/AndroidManifest.xml:309:13-48
280            android:theme="@style/TranslucentAct" />
280-->src/main/AndroidManifest.xml:310:13-50
281        <!-- uei5v3uj -->
282        <meta-data
282-->src/main/AndroidManifest.xml:312:9-314:39
283            android:name="com.ruixue.APP_KEY"
283-->src/main/AndroidManifest.xml:313:13-46
284            android:value="nl7xvby2" />
284-->src/main/AndroidManifest.xml:314:13-37
285
286        <activity
286-->src/main/AndroidManifest.xml:316:9-360:20
287            android:name="com.ruixue.demo.activity.MainActivity"
287-->src/main/AndroidManifest.xml:317:13-65
288            android:configChanges="orientation|screenSize|smallestScreenSize|density"
288-->src/main/AndroidManifest.xml:319:13-86
289            android:exported="true"
289-->src/main/AndroidManifest.xml:320:13-36
290            android:launchMode="singleTask"
290-->src/main/AndroidManifest.xml:321:13-44
291            android:screenOrientation="sensor"
291-->src/main/AndroidManifest.xml:322:13-47
292            android:theme="@style/ThemeTranslucent" >
292-->src/main/AndroidManifest.xml:324:13-52
293            <intent-filter>
293-->src/main/AndroidManifest.xml:325:13-334:29
294                <action android:name="android.intent.action.CREATE_SHORTCUT" />
294-->src/main/AndroidManifest.xml:326:17-80
294-->src/main/AndroidManifest.xml:326:25-77
295                <action android:name="android.intent.action.VIEW" />
295-->src/main/AndroidManifest.xml:255:17-69
295-->src/main/AndroidManifest.xml:255:25-66
296
297                <category android:name="android.intent.category.DEFAULT" />
297-->src/main/AndroidManifest.xml:257:17-76
297-->src/main/AndroidManifest.xml:257:27-73
298                <category android:name="android.intent.category.BROWSABLE" />
298-->src/main/AndroidManifest.xml:258:17-78
298-->src/main/AndroidManifest.xml:258:27-75
299                <!-- 模拟配置通知栏点击事件的跳转地址 -->
300                <data android:scheme="jixiang433" />
300-->src/main/AndroidManifest.xml:260:17-52
300-->src/main/AndroidManifest.xml:260:23-49
301            </intent-filter>
302            <intent-filter>
302-->src/main/AndroidManifest.xml:336:13-341:29
303                <action android:name="android.intent.action.VIEW" />
303-->src/main/AndroidManifest.xml:255:17-69
303-->src/main/AndroidManifest.xml:255:25-66
304
305                <category android:name="android.intent.category.DEFAULT" />
305-->src/main/AndroidManifest.xml:257:17-76
305-->src/main/AndroidManifest.xml:257:27-73
306                <category android:name="android.intent.category.BROWSABLE" />
306-->src/main/AndroidManifest.xml:258:17-78
306-->src/main/AndroidManifest.xml:258:27-75
307
308                <data android:scheme="nl7xvby2" />
308-->src/main/AndroidManifest.xml:260:17-52
308-->src/main/AndroidManifest.xml:260:23-49
309            </intent-filter>
310
311            <!-- 应用自定义 scheme：ruixue:// （H5 支付回跳、deeplink 等场景统一入口） -->
312            <intent-filter>
312-->src/main/AndroidManifest.xml:344:13-349:29
313                <action android:name="android.intent.action.VIEW" />
313-->src/main/AndroidManifest.xml:255:17-69
313-->src/main/AndroidManifest.xml:255:25-66
314
315                <category android:name="android.intent.category.DEFAULT" />
315-->src/main/AndroidManifest.xml:257:17-76
315-->src/main/AndroidManifest.xml:257:27-73
316                <category android:name="android.intent.category.BROWSABLE" />
316-->src/main/AndroidManifest.xml:258:17-78
316-->src/main/AndroidManifest.xml:258:27-75
317
318                <data android:scheme="ruixue" />
318-->src/main/AndroidManifest.xml:260:17-52
318-->src/main/AndroidManifest.xml:260:23-49
319            </intent-filter>
320            <!-- 快手配置 需要把以下代码加入到你们主界面，如果没有特殊需要按下面处理 -->
321            <!-- 注意：默认情况下  游戏使用ks(+游戏缩写小写://home即可  path和参数可以根据自身是否需要 -->
322            <!-- 如下面锁示，需要将此加入游戏主界面的Activity里。 -->
323            <!-- <intent-filter> -->
324            <!-- <action android:name="android.intent.action.VIEW" /> -->
325            <!-- <category android:name="android.intent.category.BROWSABLE" /> -->
326            <!-- <category android:name="android.intent.category.DEFAULT" /> -->
327            <!-- &lt;!&ndash;协议部分&ndash;&gt; -->
328            <!-- <data android:scheme="kshome" /> -->
329            <!-- </intent-filter> -->
330        </activity>
331        <activity
331-->src/main/AndroidManifest.xml:362:9-366:60
332            android:name="com.ruixue.demo.permission.PermissionActivity"
332-->src/main/AndroidManifest.xml:363:13-73
333            android:exported="true"
333-->src/main/AndroidManifest.xml:364:13-36
334            android:launchMode="singleTask"
334-->src/main/AndroidManifest.xml:365:13-44
335            android:theme="@style/Theme.AppCompat.Light" />
335-->src/main/AndroidManifest.xml:366:13-57
336
337        <!-- 通知监听服务 -->
338        <service
338-->src/main/AndroidManifest.xml:369:9-376:19
339            android:name="com.ruixue.demo.permission.NotificationMonitorService"